<?xml version="1.0" encoding="UTF-8"?>
<testsuite xmlns:xsi="http://www.w3.org/2001/XMLSchema-instance" xsi:noNamespaceSchemaLocation="https://maven.apache.org/surefire/maven-surefire-plugin/xsd/surefire-test-report.xsd" name="TestClasses" time="0.047" tests="5" errors="0" skipped="0" failures="0">
  <properties>
[...]
</properties>
  <testcase name="testPersonDoesNotHaveOldDog" classname="TestClasses" time="0.025"/>
  <testcase name="testChangeDogsNameWithDog" classname="TestClasses" time="0.002"/>
  <testcase name="testPersonHasOldDog" classname="TestClasses" time="0.002"/>
  <testcase name="testChangeDogsNameWithoutDog" classname="TestClasses" time="0.003"/>
  <testcase name="testDogAge" classname="TestClasses" time="0.001"/>
</testsuite>